str!!!A_GD_1=6378245.0 Ğ¼;

str1???6378245.0 Ğ¼;
ııııİİİİİİ
str2???6378245.0
str3???6378245.000000
str!!!E_GD_1=0.08181337 Ğ¼;  

str1???0.08181337 Ğ¼;  
ııııİİİ
str2???0.08181337
str3???0.081813
str!!!G_EQUATOR_1=9.78049 Ğ¼/(ÑĞµĞº^2);

str1???9.78049 Ğ¼/(ÑĞµĞº^2);
ıııı
str2???9.780492
str3???9.780492
str!!!EARTH_RATE_1=0.00007292116 Ñ€Ğ°Ğ´/ÑĞµĞº; 

str1???0.00007292116 Ñ€Ğ°Ğ´/ÑĞµĞº; 
ıııı
str2???0.00007292116
str3???0.000073
str!!!X_1 = 5405000 Ğ¼;

str1??? 5405000 Ğ¼;
ııııİİİİİİİ
str2???5405000
str3???5405000.000000
str!!!Y_1 = 8596000 Ğ¼;

str1??? 8596000 Ğ¼;
ııııİİİİİİİ
str2???8596000
str3???8596000.000000
str!!!H_1 = 10000 Ğ¼;

str1??? 10000 Ğ¼;
ıııı
str2???10000
str3???10000.000000
str!!!X0=0 Ğ¼;

str1???0 Ğ¼;
ıııı
str2???0
str3???0.000000
str!!!Y0=10000 Ğ¼;

str1???10000 Ğ¼;
ıııı
str2???10000
str3???10000.000000
str!!!Z0=0 Ğ¼;

str1???0 Ğ¼;
ıııı
str2???0
str3???0.000000
str!!!V0=1170 Ğ¼/Ñ;

str1???1170 Ğ¼/Ñ;
ıııı	–Š
str2???1170
str3???1170.000000
str!!!Alfa0=0 Ğ³Ñ€Ğ°Ğ´ÑƒÑĞ¾Ğ²;

str1???0 Ğ³Ñ€Ğ°Ğ´ÑƒÑĞ¾Ğ²;
ıııı
str2???0
str3???0.000000
str!!!Betta0=0 Ğ³Ñ€Ğ°Ğ´ÑƒÑĞ¾Ğ²;

str1???0 Ğ³Ñ€Ğ°Ğ´ÑƒÑĞ¾Ğ²;
ıııı
str2???0
str3???0.000000
str!!!Pitch0=-60 Ğ³Ñ€Ğ°Ğ´ÑƒÑĞ¾Ğ²;

str1???-60 Ğ³Ñ€Ğ°Ğ´ÑƒÑĞ¾Ğ²;
ııııF
str2???-60
str3???-60.000000
str!!!Yaw0=0 Ğ³Ñ€Ğ°Ğ´ÑƒÑĞ¾Ğ²;

str1???0 Ğ³Ñ€Ğ°Ğ´ÑƒÑĞ¾Ğ²;
ıııı
str2???0
str3???0.000000
str!!!Roll0=0 Ğ³Ñ€Ğ°Ğ´ÑƒÑĞ¾Ğ²;

str1???0 Ğ³Ñ€Ğ°Ğ´ÑƒÑĞ¾Ğ²;
ıııı
str2???0
str3???0.000000
str!!!Wx0=0 Ñ€Ğ°Ğ´/Ñ;

str1???0 Ñ€Ğ°Ğ´/Ñ;
ııııİİİİİİİ
str2???0
str3???0.000000
str!!!Wy0=0 Ñ€Ğ°Ğ´/Ñ;

str1???0 Ñ€Ğ°Ğ´/Ñ;
ııııİİİİİİİ
str2???0
str3???0.000000
str!!!Wz0=0 Ñ€Ğ°Ğ´/Ñ;

str1???0 Ñ€Ğ°Ğ´/Ñ;
ııııİİİİİİİ
str2???0
str3???0.000000
str!!!m0=1500 ĞºĞ³;

str1???1500 ĞºĞ³;
ıııı
str2???1500
str3???1500.000000
str!!!Ix0=170 ĞºĞ³*ĞºĞ² Ğ¼;

str1???170 ĞºĞ³*ĞºĞ² Ğ¼;
ııııİİ
str2???170
str3???170.000000
str!!!Iy0=640 ĞºĞ³*ĞºĞ² Ğ¼;

str1???640 ĞºĞ³*ĞºĞ² Ğ¼;
ııııİİ
str2???640
str3???640.000000
str!!!Iz0=640 ĞºĞ³*ĞºĞ² Ğ¼;

str1???640 ĞºĞ³*ĞºĞ² Ğ¼;
ııııİİ
str2???640
str3???640.000000
str!!!LengthLA=7 Ğ¼;

str1???7 Ğ¼;
ıııı
str2???7
str3???7.000000
str!!!Dm=0.95 Ğ¼;

str1???0.95 Ğ¼;
ııııİİİÈ–OŠ
str2???0.95
str3???0.950000
str!!!Step=0.0001 c ;

str1???0.0001 c ;
ıııı
str2???0.0001
str3???0.000100
str!!!PrintData=0.1;

str1???0.1;
ıııı
str2???0.1
str3???0.100000
